2025-07-23 16:35:00 | INFO | repo=TensorFlow | action=commit
2025-02-03 08:11:00 | WARN | repo=TensorFlow | action=commit
2025-10-05 21:01:00 | DEBUG | repo=TensorFlow | action=edit | files=1
2025-12-18 20:09:00 | DEBUG | repo=TensorFlow | action=commit
2025-04-17 19:30:00 | INFO | repo=TensorFlow | action=test | passed=true
2025-05-26 07:54:00 | INFO | repo=TensorFlow | action=commit
2025-02-12 18:08:00 | DEBUG | repo=TensorFlow | action=commit
2025-09-14 12:22:00 | WARN | repo=TensorFlow | action=commit
2025-05-23 16:20:00 | INFO | repo=TensorFlow | action=commit
2025-08-08 14:02:00 | INFO | repo=TensorFlow | action=commit
2025-07-02 08:38:00 | INFO | repo=TensorFlow | action=commit
2025-10-19 08:30:00 | DEBUG | repo=TensorFlow | action=commit
2025-09-01 10:29:00 | WARN | repo=TensorFlow | action=commit
2025-06-07 11:49:00 | DEBUG | repo=TensorFlow | action=commit
2025-04-25T20:33:00 | nonce=7684950706697020770
2025-11-18T15:34:00 | nonce=2051477758266796689
2025-10-11T16:49:00 | nonce=17342113971191364847
2025-01-10T15:49:00 | nonce=8955115020003665578
2025-07-20T14:51:00 | nonce=15580707522267722477
2025-03-04T16:55:00 | nonce=2423419263650123956
2025-05-20T13:02:00 | nonce=5480237554234293820
2025-12-12T19:50:00 | nonce=2303898598008630081
2025-01-31T17:07:00 | nonce=5918855658439996324
2025-03-12T15:06:00 | nonce=10491287963250393261
